<?xml version="1.0" encoding="UTF-8"?>
<!-- Generated by org.testng.reporters.JUnitReportReporter -->
<testsuite hostname="LAPTOP-MVELB75G" failures="0" tests="6" name="DemoWebShop.DemoWebShop_Testing" time="20.577" errors="0" timestamp="2025-08-14T14:41:45 IST" skipped="0">
  <testcase classname="DemoWebShop.DemoWebShop_Testing" name="launchBrowser" time="8.571"/>
  <testcase classname="DemoWebShop.DemoWebShop_Testing" name="loginUser" time="6.724"/>
  <testcase classname="DemoWebShop.DemoWebShop_Testing" name="GoToComputers" time="1.798"/>
  <testcase classname="DemoWebShop.DemoWebShop_Testing" name="GoToDeskTops" time="1.035"/>
  <testcase classname="DemoWebShop.DemoWebShop_Testing" name="SelectItem" time="1.990"/>
  <testcase classname="DemoWebShop.DemoWebShop_Testing" name="AddToCart" time="0.459"/>
</testsuite> <!-- DemoWebShop.DemoWebShop_Testing -->
