<?xml version="1.0" encoding="UTF-8"?>
<!-- Generated by org.testng.reporters.JUnitReportReporter -->
<testsuite hostname="LAPTOP-MVELB75G" failures="0" tests="5" name="DemoWebShop1.TestingDemoShop" time="7.744" errors="0" timestamp="2025-08-14T16:15:42 IST" skipped="0">
  <testcase classname="DemoWebShop1.TestingDemoShop" name="logIn" time="3.025"/>
  <testcase classname="DemoWebShop1.TestingDemoShop" name="GoToComputers" time="1.236"/>
  <testcase classname="DemoWebShop1.TestingDemoShop" name="GoToDeskTops" time="1.106"/>
  <testcase classname="DemoWebShop1.TestingDemoShop" name="SelectItem" time="1.842"/>
  <testcase classname="DemoWebShop1.TestingDemoShop" name="AddToCart" time="0.535"/>
</testsuite> <!-- DemoWebShop1.TestingDemoShop -->
