<?xml version="1.0" encoding="UTF-8"?>
<!-- Generated by org.testng.reporters.JUnitReportReporter -->
<testsuite hostname="LAPTOP-MVELB75G" failures="0" tests="4" name="DemoWebShop1.Testing_Groups" time="0.051" errors="0" timestamp="2025-08-14T18:24:36 IST" skipped="1">
  <testcase classname="DemoWebShop1.Testing_Groups" name="test4" time="0.004"/>
  <testcase classname="DemoWebShop1.Testing_Groups" name="test3" time="0.005"/>
  <testcase classname="DemoWebShop1.Testing_Groups" name="test1" time="0.042"/>
  <testcase classname="DemoWebShop1.Testing_Groups" name="test2">
    <skipped/>
  </testcase> <!-- test2 -->
</testsuite> <!-- DemoWebShop1.Testing_Groups -->
