<?xml version="1.0" encoding="UTF-8"?>
<!-- Generated by org.testng.reporters.JUnitReportReporter -->
<testsuite hostname="LAPTOP-MVELB75G" failures="0" tests="5" name="Sample_Day32_Websites.WebsitesWithOtp" time="39.520" errors="0" timestamp="2025-08-29T10:02:51 IST" skipped="0">
  <testcase classname="Sample_Day32_Websites.WebsitesWithOtp" name="openAmazonHomePage" time="2.219"/>
  <testcase classname="Sample_Day32_Websites.WebsitesWithOtp" name="loginToAmazon" time="6.038"/>
  <testcase classname="Sample_Day32_Websites.WebsitesWithOtp" name="searchForMobiles" time="12.186"/>
  <testcase classname="Sample_Day32_Websites.WebsitesWithOtp" name="selectInProduct" time="14.592"/>
  <testcase classname="Sample_Day32_Websites.WebsitesWithOtp" name="scrollAndClickBuyNow" time="4.485"/>
</testsuite> <!-- Sample_Day32_Websites.WebsitesWithOtp -->
