<?xml version="1.0" encoding="UTF-8"?>
<!-- Generated by org.testng.reporters.JUnitReportReporter -->
<testsuite hostname="LAPTOP-MVELB75G" failures="0" tests="9" name="Parallel_Execution.Testing_ParallelExecution" time="684.033" errors="0" timestamp="2025-08-19T16:15:01 IST" skipped="0">
  <testcase classname="Parallel_Execution.Testing_ParallelExecution" name="loginUser" time="85.003"/>
  <testcase classname="Parallel_Execution.Testing_ParallelExecution" name="loginUser" time="80.376"/>
  <testcase classname="Parallel_Execution.Testing_ParallelExecution" name="loginUser" time="102.603"/>
  <testcase classname="Parallel_Execution.Testing_ParallelExecution" name="loginUser" time="61.333"/>
  <testcase classname="Parallel_Execution.Testing_ParallelExecution" name="loginUser" time="102.187"/>
  <testcase classname="Parallel_Execution.Testing_ParallelExecution" name="loginUser" time="68.306"/>
  <testcase classname="Parallel_Execution.Testing_ParallelExecution" name="loginUser" time="54.856"/>
  <testcase classname="Parallel_Execution.Testing_ParallelExecution" name="loginUser" time="81.199"/>
  <testcase classname="Parallel_Execution.Testing_ParallelExecution" name="goToElectronics" time="48.170"/>
</testsuite> <!-- Parallel_Execution.Testing_ParallelExecution -->
