<?xml version="1.0" encoding="UTF-8"?>
<!-- Generated by org.testng.reporters.JUnitReportReporter -->
<testsuite hostname="LAPTOP-MVELB75G" failures="0" tests="2" name="Testing_DemoWebShop.WebShop" time="8.925" errors="0" timestamp="2025-08-13T11:43:38 IST" skipped="0">
  <testcase classname="Testing_DemoWebShop.WebShop" name="launchGoogle" time="3.009"/>
  <testcase classname="Testing_DemoWebShop.WebShop" name="loginUser" time="5.916"/>
</testsuite> <!-- Testing_DemoWebShop.WebShop -->
