<?xml version="1.0" encoding="UTF-8"?>
<!-- Generated by org.testng.reporters.JUnitReportReporter -->
<testsuite hostname="LAPTOP-MVELB75G" failures="0" tests="2" name="DataProvider_Program.DataProvider_Program" time="20.301" errors="0" timestamp="2025-08-16T14:04:44 IST" skipped="0">
  <testcase classname="DataProvider_Program.DataProvider_Program" name="loginTest" time="9.099"/>
  <testcase classname="DataProvider_Program.DataProvider_Program" name="loginTest" time="11.202"/>
</testsuite> <!-- DataProvider_Program.DataProvider_Program -->
