<?xml version="1.0" encoding="UTF-8"?>
<!-- Generated by org.testng.reporters.JUnitReportReporter -->
<testsuite hostname="LAPTOP-MVELB75G" failures="0" tests="1" name="Demo_nopcommerce.Testing_Demonopcommerce" time="6.073" errors="0" timestamp="2025-08-14T16:54:43 IST" skipped="0">
  <testcase classname="Demo_nopcommerce.Testing_Demonopcommerce" name="login" time="6.073"/>
</testsuite> <!-- Demo_nopcommerce.Testing_Demonopcommerce -->
