<?xml version="1.0" encoding="UTF-8"?>
<!-- Generated by org.testng.reporters.JUnitReportReporter -->
<testsuite hostname="LAPTOP-MVELB75G" failures="0" tests="2" name="DemoWebShop.Annotations_Program" time="8.766" errors="0" timestamp="2025-08-14T15:48:48 IST" skipped="0">
  <testcase classname="DemoWebShop.Annotations_Program" name="verifypage" time="3.288"/>
  <testcase classname="DemoWebShop.Annotations_Program" name="LoginTest" time="5.478"/>
</testsuite> <!-- DemoWebShop.Annotations_Program -->
