<?xml version="1.0" encoding="UTF-8"?>
<!-- Generated by org.testng.reporters.JUnitReportReporter -->
<testsuite hostname="LAPTOP-MVELB75G" failures="0" tests="3" name="Demo_WebShop.IntegrationWithExcel" time="32.087" errors="0" timestamp="2025-08-18T18:14:10 IST" skipped="0">
  <testcase classname="Demo_WebShop.IntegrationWithExcel" name="loginUser" time="13.902"/>
  <testcase classname="Demo_WebShop.IntegrationWithExcel" name="loginUser" time="9.271"/>
  <testcase classname="Demo_WebShop.IntegrationWithExcel" name="loginUser" time="8.914"/>
</testsuite> <!-- Demo_WebShop.IntegrationWithExcel -->
