<?xml version="1.0" encoding="UTF-8"?>
<!-- Generated by org.testng.reporters.JUnitReportReporter -->
<testsuite hostname="LAPTOP-MVELB75G" failures="0" tests="2" name="DemoWebShop.DemoWenShop_Testing" time="13.399" errors="0" timestamp="2025-08-13T13:44:32 IST" skipped="0">
  <testcase classname="DemoWebShop.DemoWenShop_Testing" name="launchBrowser" time="5.009"/>
  <testcase classname="DemoWebShop.DemoWenShop_Testing" name="loginUser" time="8.390"/>
</testsuite> <!-- DemoWebShop.DemoWenShop_Testing -->
