<?xml version="1.0" encoding="UTF-8"?>
<!-- Generated by org.testng.reporters.JUnitReportReporter -->
<testsuite hostname="LAPTOP-MVELB75G" failures="0" tests="1" name="Sample_Day28_DemonopcommerceandIframes.websites" time="53.400" errors="0" timestamp="2025-08-28T09:14:54 IST" skipped="0">
  <testcase classname="Sample_Day28_DemonopcommerceandIframes.websites" name="loginWithOtp" time="53.400"/>
</testsuite> <!-- Sample_Day28_DemonopcommerceandIframes.websites -->
