<?xml version="1.0" encoding="UTF-8"?>
<!-- Generated by org.testng.reporters.JUnitReportReporter -->
<testsuite hostname="LAPTOP-MVELB75G" failures="0" tests="5" name="DemoWebShop1.DemoWebShop_Groups" time="7.529" errors="0" timestamp="2025-08-18T16:13:22 IST" skipped="0">
  <testcase classname="DemoWebShop1.DemoWebShop_Groups" name="logIn" time="1.964"/>
  <testcase classname="DemoWebShop1.DemoWebShop_Groups" name="GoToComputers" time="2.144"/>
  <testcase classname="DemoWebShop1.DemoWebShop_Groups" name="GoToDeskTops" time="1.023"/>
  <testcase classname="DemoWebShop1.DemoWebShop_Groups" name="SelectItem" time="1.789"/>
  <testcase classname="DemoWebShop1.DemoWebShop_Groups" name="AddToCart" time="0.609"/>
</testsuite> <!-- DemoWebShop1.DemoWebShop_Groups -->
