<?xml version="1.0" encoding="UTF-8"?>
<!-- Generated by org.testng.reporters.JUnitReportReporter -->
<testsuite hostname="LAPTOP-MVELB75G" failures="0" tests="13" name="Nopcommerce.NopCommerceTests" time="54.403" errors="0" timestamp="2025-09-08T13:08:21 IST" skipped="0">
  <testcase classname="Nopcommerce.NopCommerceTests" name="launchBrowserTest" time="0.355"/>
  <testcase classname="Nopcommerce.NopCommerceTests" name="userCanRegisterSuccessfully" time="22.643"/>
  <testcase classname="Nopcommerce.NopCommerceTests" name="userCanLogin" time="4.317"/>
  <testcase classname="Nopcommerce.NopCommerceTests" name="addProductToCart" time="3.194"/>
  <testcase classname="Nopcommerce.NopCommerceTests" name="productpage_dropdown" time="3.446"/>
  <testcase classname="Nopcommerce.NopCommerceTests" name="productPageRadioButton" time="0.356"/>
  <testcase classname="Nopcommerce.NopCommerceTests" name="productPageAddToCart" time="1.850"/>
  <testcase classname="Nopcommerce.NopCommerceTests" name="increaseCartQuantityToTwo" time="2.353"/>
  <testcase classname="Nopcommerce.NopCommerceTests" name="shipping" time="0.227"/>
  <testcase classname="Nopcommerce.NopCommerceTests" name="shippingAddress" time="2.804"/>
  <testcase classname="Nopcommerce.NopCommerceTests" name="checkout" time="5.338"/>
  <testcase classname="Nopcommerce.NopCommerceTests" name="digital_downloads" time="3.865"/>
  <testcase classname="Nopcommerce.NopCommerceTests" name="books" time="3.655"/>
</testsuite> <!-- Nopcommerce.NopCommerceTests -->
