<?xml version="1.0" encoding="UTF-8"?>
<!-- Generated by org.testng.reporters.JUnitReportReporter -->
<testsuite hostname="LAPTOP-MVELB75G" failures="0" tests="4" name="runner.TestRunner" time="79.019" errors="0" timestamp="2025-08-21T16:30:05 IST" skipped="0">
  <testcase classname="runner.TestRunner" name="runScenario" time="26.468"/>
  <testcase classname="runner.TestRunner" name="runScenario" time="22.774"/>
  <testcase classname="runner.TestRunner" name="runScenario" time="14.474"/>
  <testcase classname="runner.TestRunner" name="runScenario" time="15.303"/>
</testsuite> <!-- runner.TestRunner -->
